#
# There is insufficient memory for the Java Runtime Environment to continue.
# Native memory allocation (mmap) failed to map 96993280 bytes for committing reserved memory.
# Possible reasons:
#   The system is out of physical RAM or swap space
#   In 32 bit mode, the process size limit was hit
# Possible solutions:
#   Reduce memory load on the system
#   Increase physical memory or swap space
#   Check if swap backing store is full
#   Use 64 bit Java on a 64 bit OS
#   Decrease Java heap size (-Xmx/-Xms)
#   Decrease number of Java threads
#   Decrease Java thread stack sizes (-Xss)
#   Set larger code cache with -XX:ReservedCodeCacheSize=
# This output file may be truncated or incomplete.
#
#  Out of Memory Error (os_linux.cpp:2718), pid=31630, tid=140256261289728
#
# JRE version:  (8.0_05-b13) (build )
# Java VM: Java HotSpot(TM) 64-Bit Server VM (25.5-b02 mixed mode linux-amd64 compressed oops)
# Failed to write core dump. Core dumps have been disabled. To enable core dumping, try "ulimit -c unlimited" before starting Java again
#

---------------  T H R E A D  ---------------

Current thread (0x00007f8fec00a000):  JavaThread "Unknown thread" [_thread_in_vm, id=31633, stack(0x00007f8ff491b000,0x00007f8ff4a1c000)]

Stack: [0x00007f8ff491b000,0x00007f8ff4a1c000],  sp=0x00007f8ff4a1a3f0,  free space=1020k
Native frames: (J=compiled Java code, j=interpreted, Vv=VM code, C=native code)
V  [libjvm.so+0xa2f43a]  VMError::report_and_die()+0x2ca
V  [libjvm.so+0x4b2d5b]  report_vm_out_of_memory(char const*, int, unsigned long, VMErrorType, char const*)+0x8b
V  [libjvm.so+0x89e443]  os::Linux::commit_memory_impl(char*, unsigned long, bool)+0x103
V  [libjvm.so+0x89e999]  os::pd_commit_memory(char*, unsigned long, unsigned long, bool)+0x29
V  [libjvm.so+0x89863a]  os::commit_memory(char*, unsigned long, unsigned long, bool)+0x2a
V  [libjvm.so+0x909243]  PSVirtualSpace::expand_by(unsigned long)+0x53
V  [libjvm.so+0x8f9819]  PSOldGen::initialize(ReservedSpace, unsigned long, char const*, int)+0xb9
V  [libjvm.so+0x2a5016]  AdjoiningGenerations::AdjoiningGenerations(ReservedSpace, GenerationSizer*, unsigned long)+0x3a6
V  [libjvm.so+0x8bf5ce]  ParallelScavengeHeap::initialize()+0x1ae
V  [libjvm.so+0x9fd783]  Universe::initialize_heap()+0xe3
V  [libjvm.so+0x9fdbc4]  universe_init()+0x64
V  [libjvm.so+0x5d45c5]  init_globals()+0x65
V  [libjvm.so+0x9e44ad]  Threads::create_vm(JavaVMInitArgs*, bool*)+0x24d
V  [libjvm.so+0x6659f4]  JNI_CreateJavaVM+0x74
C  [libjli.so+0x703e]  JavaMain+0x9e


---------------  P R O C E S S  ---------------

Java Threads: ( => current thread )

Other Threads:

=>0x00007f8fec00a000 (exited) JavaThread "Unknown thread" [_thread_in_vm, id=31633, stack(0x00007f8ff491b000,0x00007f8ff4a1c000)]

VM state:not at safepoint (not fully initialized)

VM Mutex/Monitor currently owned by a thread: None

GC Heap History (0 events):
No events

Deoptimization events (0 events):
No events

Internal exceptions (0 events):
No events

Events (0 events):
No events


Dynamic libraries:
00400000-00401000 r-xp 00000000 08:01 5249276                            /home/michele/src/jdk1.8.0_05/bin/java
00600000-00601000 rw-p 00000000 08:01 5249276                            /home/michele/src/jdk1.8.0_05/bin/java
01655000-01676000 rw-p 00000000 00:00 0                                  [heap]
a9080000-e1180000 ---p 00000000 00:00 0 
e1180000-e1300000 rw-p 00000000 00:00 0 
e1300000-100000000 ---p 00000000 00:00 0 
7f8fdd000000-7f8fdd270000 rwxp 00000000 00:00 0 
7f8fdd270000-7f8fec000000 ---p 00000000 00:00 0 
7f8fec000000-7f8fec026000 rw-p 00000000 00:00 0 
7f8fec026000-7f8ff0000000 ---p 00000000 00:00 0 
7f8ff1252000-7f8ff14ba000 rw-p 00000000 00:00 0 
7f8ff14ba000-7f8ff16a8000 ---p 00000000 00:00 0 
7f8ff16a8000-7f8ff16aa000 rw-p 00000000 00:00 0 
7f8ff16aa000-7f8ff17a0000 ---p 00000000 00:00 0 
7f8ff17a0000-7f8ff17ab000 rw-p 00000000 00:00 0 
7f8ff17ab000-7f8ff1b61000 ---p 00000000 00:00 0 
7f8ff1b61000-7f8ff1b7d000 r-xp 00000000 08:01 5249065                    /home/michele/src/jdk1.8.0_05/jre/lib/amd64/libzip.so
7f8ff1b7d000-7f8ff1d7c000 ---p 0001c000 08:01 5249065                    /home/michele/src/jdk1.8.0_05/jre/lib/amd64/libzip.so
7f8ff1d7c000-7f8ff1d7d000 rw-p 0001b000 08:01 5249065                    /home/michele/src/jdk1.8.0_05/jre/lib/amd64/libzip.so
7f8ff1d7d000-7f8ff1d87000 r-xp 00000000 08:01 6613008                    /lib/x86_64-linux-gnu/libnss_files-2.19.so
7f8ff1d87000-7f8ff1f86000 ---p 0000a000 08:01 6613008                    /lib/x86_64-linux-gnu/libnss_files-2.19.so
7f8ff1f86000-7f8ff1f87000 r--p 00009000 08:01 6613008                    /lib/x86_64-linux-gnu/libnss_files-2.19.so
7f8ff1f87000-7f8ff1f88000 rw-p 0000a000 08:01 6613008                    /lib/x86_64-linux-gnu/libnss_files-2.19.so
7f8ff1f88000-7f8ff1f93000 r-xp 00000000 08:01 6612997                    /lib/x86_64-linux-gnu/libnss_nis-2.19.so
7f8ff1f93000-7f8ff2192000 ---p 0000b000 08:01 6612997                    /lib/x86_64-linux-gnu/libnss_nis-2.19.so
7f8ff2192000-7f8ff2193000 r--p 0000a000 08:01 6612997                    /lib/x86_64-linux-gnu/libnss_nis-2.19.so
7f8ff2193000-7f8ff2194000 rw-p 0000b000 08:01 6612997                    /lib/x86_64-linux-gnu/libnss_nis-2.19.so
7f8ff2194000-7f8ff21ab000 r-xp 00000000 08:01 6612991                    /lib/x86_64-linux-gnu/libnsl-2.19.so
7f8ff21ab000-7f8ff23aa000 ---p 00017000 08:01 6612991                    /lib/x86_64-linux-gnu/libnsl-2.19.so
7f8ff23aa000-7f8ff23ab000 r--p 00016000 08:01 6612991                    /lib/x86_64-linux-gnu/libnsl-2.19.so
7f8ff23ab000-7f8ff23ac000 rw-p 00017000 08:01 6612991                    /lib/x86_64-linux-gnu/libnsl-2.19.so
7f8ff23ac000-7f8ff23ae000 rw-p 00000000 00:00 0 
7f8ff23ae000-7f8ff23b7000 r-xp 00000000 08:01 6612989                    /lib/x86_64-linux-gnu/libnss_compat-2.19.so
7f8ff23b7000-7f8ff25b6000 ---p 00009000 08:01 6612989                    /lib/x86_64-linux-gnu/libnss_compat-2.19.so
7f8ff25b6000-7f8ff25b7000 r--p 00008000 08:01 6612989                    /lib/x86_64-linux-gnu/libnss_compat-2.19.so
7f8ff25b7000-7f8ff25b8000 rw-p 00009000 08:01 6612989                    /lib/x86_64-linux-gnu/libnss_compat-2.19.so
7f8ff25b8000-7f8ff25e2000 r-xp 00000000 08:01 5249041                    /home/michele/src/jdk1.8.0_05/jre/lib/amd64/libjava.so
7f8ff25e2000-7f8ff27e2000 ---p 0002a000 08:01 5249041                    /home/michele/src/jdk1.8.0_05/jre/lib/amd64/libjava.so
7f8ff27e2000-7f8ff27e4000 rw-p 0002a000 08:01 5249041                    /home/michele/src/jdk1.8.0_05/jre/lib/amd64/libjava.so
7f8ff27e4000-7f8ff27f1000 r-xp 00000000 08:01 5249002                    /home/michele/src/jdk1.8.0_05/jre/lib/amd64/libverify.so
7f8ff27f1000-7f8ff29f1000 ---p 0000d000 08:01 5249002                    /home/michele/src/jdk1.8.0_05/jre/lib/amd64/libverify.so
7f8ff29f1000-7f8ff29f3000 rw-p 0000d000 08:01 5249002                    /home/michele/src/jdk1.8.0_05/jre/lib/amd64/libverify.so
7f8ff29f3000-7f8ff29fa000 r-xp 00000000 08:01 6613001                    /lib/x86_64-linux-gnu/librt-2.19.so
7f8ff29fa000-7f8ff2bf9000 ---p 00007000 08:01 6613001                    /lib/x86_64-linux-gnu/librt-2.19.so
7f8ff2bf9000-7f8ff2bfa000 r--p 00006000 08:01 6613001                    /lib/x86_64-linux-gnu/librt-2.19.so
7f8ff2bfa000-7f8ff2bfb000 rw-p 00007000 08:01 6613001                    /lib/x86_64-linux-gnu/librt-2.19.so
7f8ff2bfb000-7f8ff2d00000 r-xp 00000000 08:01 6607519                    /lib/x86_64-linux-gnu/libm-2.19.so
7f8ff2d00000-7f8ff2eff000 ---p 00105000 08:01 6607519                    /lib/x86_64-linux-gnu/libm-2.19.so
7f8ff2eff000-7f8ff2f00000 r--p 00104000 08:01 6607519                    /lib/x86_64-linux-gnu/libm-2.19.so
7f8ff2f00000-7f8ff2f01000 rw-p 00105000 08:01 6607519                    /lib/x86_64-linux-gnu/libm-2.19.so
7f8ff2f01000-7f8ff3b1b000 r-xp 00000000 08:01 5248911                    /home/michele/src/jdk1.8.0_05/jre/lib/amd64/server/libjvm.so
7f8ff3b1b000-7f8ff3d1a000 ---p 00c1a000 08:01 5248911                    /home/michele/src/jdk1.8.0_05/jre/lib/amd64/server/libjvm.so
7f8ff3d1a000-7f8ff3de3000 rw-p 00c19000 08:01 5248911                    /home/michele/src/jdk1.8.0_05/jre/lib/amd64/server/libjvm.so
7f8ff3de3000-7f8ff3e24000 rw-p 00000000 00:00 0 
7f8ff3e24000-7f8ff3fde000 r-xp 00000000 08:01 6613003                    /lib/x86_64-linux-gnu/libc-2.19.so
7f8ff3fde000-7f8ff41de000 ---p 001ba000 08:01 6613003                    /lib/x86_64-linux-gnu/libc-2.19.so
7f8ff41de000-7f8ff41e2000 r--p 001ba000 08:01 6613003                    /lib/x86_64-linux-gnu/libc-2.19.so
7f8ff41e2000-7f8ff41e4000 rw-p 001be000 08:01 6613003                    /lib/x86_64-linux-gnu/libc-2.19.so
7f8ff41e4000-7f8ff41e9000 rw-p 00000000 00:00 0 
7f8ff41e9000-7f8ff41ec000 r-xp 00000000 08:01 6607521                    /lib/x86_64-linux-gnu/libdl-2.19.so
7f8ff41ec000-7f8ff43eb000 ---p 00003000 08:01 6607521                    /lib/x86_64-linux-gnu/libdl-2.19.so
7f8ff43eb000-7f8ff43ec000 r--p 00002000 08:01 6607521                    /lib/x86_64-linux-gnu/libdl-2.19.so
7f8ff43ec000-7f8ff43ed000 rw-p 00003000 08:01 6607521                    /lib/x86_64-linux-gnu/libdl-2.19.so
7f8ff43ed000-7f8ff4404000 r-xp 00000000 08:01 5249077                    /home/michele/src/jdk1.8.0_05/lib/amd64/jli/libjli.so
7f8ff4404000-7f8ff4603000 ---p 00017000 08:01 5249077                    /home/michele/src/jdk1.8.0_05/lib/amd64/jli/libjli.so
7f8ff4603000-7f8ff4604000 rw-p 00016000 08:01 5249077                    /home/michele/src/jdk1.8.0_05/lib/amd64/jli/libjli.so
7f8ff4604000-7f8ff461d000 r-xp 00000000 08:01 6612993                    /lib/x86_64-linux-gnu/libpthread-2.19.so
7f8ff461d000-7f8ff481c000 ---p 00019000 08:01 6612993                    /lib/x86_64-linux-gnu/libpthread-2.19.so
7f8ff481c000-7f8ff481d000 r--p 00018000 08:01 6612993                    /lib/x86_64-linux-gnu/libpthread-2.19.so
7f8ff481d000-7f8ff481e000 rw-p 00019000 08:01 6612993                    /lib/x86_64-linux-gnu/libpthread-2.19.so
7f8ff481e000-7f8ff4822000 rw-p 00000000 00:00 0 
7f8ff4822000-7f8ff4845000 r-xp 00000000 08:01 6612995                    /lib/x86_64-linux-gnu/ld-2.19.so
7f8ff491b000-7f8ff491e000 ---p 00000000 00:00 0 
7f8ff491e000-7f8ff4a20000 rw-p 00000000 00:00 0                          [stack:31633]
7f8ff4a36000-7f8ff4a38000 rw-p 00000000 00:00 0 
7f8ff4a38000-7f8ff4a40000 rw-s 00000000 08:01 815521                     /tmp/hsperfdata_michele/31630
7f8ff4a40000-7f8ff4a41000 rw-p 00000000 00:00 0 
7f8ff4a41000-7f8ff4a42000 r--p 00000000 00:00 0 
7f8ff4a42000-7f8ff4a44000 rw-p 00000000 00:00 0 
7f8ff4a44000-7f8ff4a45000 r--p 00022000 08:01 6612995                    /lib/x86_64-linux-gnu/ld-2.19.so
7f8ff4a45000-7f8ff4a46000 rw-p 00023000 08:01 6612995                    /lib/x86_64-linux-gnu/ld-2.19.so
7f8ff4a46000-7f8ff4a47000 rw-p 00000000 00:00 0 
7ffe19874000-7ffe19895000 rw-p 00000000 00:00 0                          [stack]
7ffe199f8000-7ffe199fa000 r-xp 00000000 00:00 0                          [vdso]
ffffffffff600000-ffffffffff601000 r-xp 00000000 00:00 0                  [vsyscall]

VM Arguments:
jvm_args: -Dclassworlds.conf=/home/michele/src/netbeans-8.1_en/java/maven/bin/m2.conf -Dmaven.home=/home/michele/src/netbeans-8.1_en/java/maven 
java_command: org.codehaus.plexus.classworlds.launcher.Launcher -Dexec.args=-Xdebug -Xrunjdwp:transport=dt_socket,server=n,address=33630 -classpath %classpath mls.Main -Dexec.executable=/home/michele/src/jdk/bin/java -Dexec.classpathScope=runtime -Djpda.listen=true -Djpda.address=33630 -Dmaven.ext.class.path=/home/michele/src/netbeans-8.1_en/java/maven-nblib/netbeans-eventspy.jar org.codehaus.mojo:exec-maven-plugin:1.2.1:exec
java_class_path (initial): /home/michele/src/netbeans-8.1_en/java/maven/boot/plexus-classworlds-2.4.jar
Launcher Type: SUN_STANDARD

Environment Variables:
JAVA_HOME=/home/michele/src/jdk
PATH=/home/michele/bin:/usr/local/sbin:/usr/local/bin:/usr/sbin:/usr/bin:/sbin:/bin:/usr/games:/usr/local/games
LD_LIBRARY_PATH=/home/michele/src/jdk/jre/lib/amd64:/home/michele/src/jdk/jre/lib/i386:
SHELL=/bin/bash
DISPLAY=:0.0

Signal Handlers:
SIGSEGV: [libjvm.so+0xa2fc90], sa_mask[0]=0x7ffbfeff, sa_flags=0x10000004
SIGBUS: [libjvm.so+0xa2fc90], sa_mask[0]=0x7ffbfeff, sa_flags=0x10000004
SIGFPE: [libjvm.so+0x89b4b0], sa_mask[0]=0x7ffbfeff, sa_flags=0x10000004
SIGPIPE: [libjvm.so+0x89b4b0], sa_mask[0]=0x7ffbfeff, sa_flags=0x10000004
SIGXFSZ: [libjvm.so+0x89b4b0], sa_mask[0]=0x7ffbfeff, sa_flags=0x10000004
SIGILL: [libjvm.so+0x89b4b0], sa_mask[0]=0x7ffbfeff, sa_flags=0x10000004
SIGUSR1: SIG_DFL, sa_mask[0]=0x00000000, sa_flags=0x00000000
SIGUSR2: [libjvm.so+0x89cc50], sa_mask[0]=0x00000004, sa_flags=0x10000004
SIGHUP: SIG_DFL, sa_mask[0]=0x00000000, sa_flags=0x00000000
SIGINT: SIG_IGN, sa_mask[0]=0x00000000, sa_flags=0x00000000
SIGTERM: SIG_DFL, sa_mask[0]=0x00000000, sa_flags=0x00000000
SIGQUIT: SIG_DFL, sa_mask[0]=0x00000000, sa_flags=0x00000000


---------------  S Y S T E M  ---------------

OS:DISTRIB_ID=Ubuntu
DISTRIB_RELEASE=14.04
DISTRIB_CODENAME=trusty
DISTRIB_DESCRIPTION="Ubuntu 14.04.4 LTS"

uname:Linux 3.13.0-92-generic #139-Ubuntu SMP Tue Jun 28 20:42:26 UTC 2016 x86_64
libc:glibc 2.19 NPTL 2.19 
rlimit: STACK 8192k, CORE 0k, NPROC 47308, NOFILE 4096, AS infinity
load average:6.67 4.53 2.45

/proc/meminfo:
MemTotal:        6077068 kB
MemFree:           92992 kB
Buffers:            1508 kB
Cached:           548004 kB
SwapCached:        33476 kB
Active:          4649336 kB
Inactive:        1040600 kB
Active(anon):    4627604 kB
Inactive(anon):  1019356 kB
Active(file):      21732 kB
Inactive(file):    21244 kB
Unevictable:        9560 kB
Mlocked:            9560 kB
SwapTotal:       4156412 kB
SwapFree:              0 kB
Dirty:                 4 kB
Writeback:            12 kB
AnonPages:       5119476 kB
Mapped:           184288 kB
Shmem:            506016 kB
Slab:              96320 kB
SReclaimable:      42492 kB
SUnreclaim:        53828 kB
KernelStack:        7856 kB
PageTables:        99664 kB
NFS_Unstable:          0 kB
Bounce:                0 kB
WritebackTmp:          0 kB
CommitLimit:     7194944 kB
Committed_AS:   21651420 kB
VmallocTotal:   34359738367 kB
VmallocUsed:      355228 kB
VmallocChunk:   34359371860 kB
HardwareCorrupted:     0 kB
AnonHugePages:    573440 kB
HugePages_Total:       0
HugePages_Free:        0
HugePages_Rsvd:        0
HugePages_Surp:        0
Hugepagesize:       2048 kB
DirectMap4k:       79360 kB
DirectMap2M:     6176768 kB


CPU:total 2 (2 cores per cpu, 1 threads per core) family 6 model 23 stepping 10, cmov, cx8, fxsr, mmx, sse, sse2, sse3, ssse3, tsc

/proc/cpuinfo:
processor	: 0
vendor_id	: GenuineIntel
cpu family	: 6
model		: 23
model name	: Pentium(R) Dual-Core  CPU      E5700  @ 3.00GHz
stepping	: 10
microcode	: 0xa07
cpu MHz		: 2992.322
cache size	: 2048 KB
physical id	: 0
siblings	: 2
core id		: 0
cpu cores	: 2
apicid		: 0
initial apicid	: 0
fpu		: yes
fpu_exception	: yes
cpuid level	: 13
wp		: yes
flags		: fpu vme de pse tsc msr pae mce cx8 apic sep mtrr pge mca cmov pat pse36 clflush dts acpi mmx fxsr sse sse2 ss ht tm pbe syscall nx lm constant_tsc arch_perfmon pebs bts rep_good nopl aperfmperf pni dtes64 monitor ds_cpl vmx est tm2 ssse3 cx16 xtpr pdcm xsave lahf_lm dtherm tpr_shadow vnmi flexpriority
bogomips	: 5984.64
clflush size	: 64
cache_alignment	: 64
address sizes	: 36 bits physical, 48 bits virtual
power management:

processor	: 1
vendor_id	: GenuineIntel
cpu family	: 6
model		: 23
model name	: Pentium(R) Dual-Core  CPU      E5700  @ 3.00GHz
stepping	: 10
microcode	: 0xa07
cpu MHz		: 2992.322
cache size	: 2048 KB
physical id	: 0
siblings	: 2
core id		: 1
cpu cores	: 2
apicid		: 1
initial apicid	: 1
fpu		: yes
fpu_exception	: yes
cpuid level	: 13
wp		: yes
flags		: fpu vme de pse tsc msr pae mce cx8 apic sep mtrr pge mca cmov pat pse36 clflush dts acpi mmx fxsr sse sse2 ss ht tm pbe syscall nx lm constant_tsc arch_perfmon pebs bts rep_good nopl aperfmperf pni dtes64 monitor ds_cpl vmx est tm2 ssse3 cx16 xtpr pdcm xsave lahf_lm dtherm tpr_shadow vnmi flexpriority
bogomips	: 5984.64
clflush size	: 64
cache_alignment	: 64
address sizes	: 36 bits physical, 48 bits virtual
power management:



Memory: 4k page, physical 6077068k(93348k free), swap 4156412k(0k free)

vm_info: Java HotSpot(TM) 64-Bit Server VM (25.5-b02) for linux-amd64 JRE (1.8.0_05-b13), built on Mar 18 2014 00:29:27 by "java_re" with gcc 4.3.0 20080428 (Red Hat 4.3.0-8)

time: Fri Aug  5 23:18:45 2016
elapsed time: 0 seconds

